<?xml version="1.0" encoding="UTF-8"?>
<!-- Generated by org.testng.reporters.JUnitXMLReporter -->
<testsuite ignored="0" hostname="DESKTOP-JCJ8HOK" failures="0" tests="9" name="Test" time="0.182" errors="0" timestamp="19 May 2022 03:06:24 GMT">
  <testcase classname="testcases.Bookings" name="cancelBooking" time="0.025"/>
  <testcase classname="testcases.Bookings" name="guestInfo" time="0.015"/>
  <testcase classname="testcases.Bookings" name="loadBooking" time="0.011"/>
  <testcase classname="testcases.Bookings" name="searchHotel" time="0.002"/>
  <testcase classname="testcases.Bookings" name="typeOfRoom" time="0.007"/>
  <testcase classname="testcases.PaymentManager" name="applyDiscount" time="0.003"/>
  <testcase classname="testcases.PaymentManager" name="makePayment" time="0.004"/>
  <testcase classname="testcases.CustomerCommunication" name="checkEmailVerification" time="0.005"/>
  <testcase classname="testcases.CustomerCommunication" name="checkMobileVerification" time="0.001"/>
</testsuite> <!-- Test -->
