<?xml version="1.0" encoding="UTF-8"?>
<testng-results ignored="4" total="18" passed="14" failed="0" skipped="0">
  <reporter-output>
  </reporter-output>
  <suite started-at="2022-05-19T03:35:05Z" name="BookingSuite" finished-at="2022-05-19T03:35:05Z" duration-ms="463">
    <groups>
    </groups>
    <test started-at="2022-05-19T03:35:05Z" name="Crete New Booking Test- pay@hotel" finished-at="2022-05-19T03:35:05Z" duration-ms="180">
      <class name="testcases.CustomerCommunication">
        <test-method signature="checkEmailVerification(org.testng.ITestContext)[pri:0, instance:testcases.CustomerCommunication@71e9ddb4]" started-at="2022-05-19T03:35:05Z" name="checkEmailVerification" finished-at="2022-05-19T03:35:05Z" duration-ms="3" status="PASS">
          <params>
            <param index="0">
              <value>
                <![CDATA[org.testng.TestRunner@73700b80]]>
              </value>
            </param>
          </params>
          <reporter-output>
          </reporter-output>
        </test-method> <!-- checkEmailVerification -->
        <test-method signature="checkMobileVerification(org.testng.ITestContext)[pri:0, instance:testcases.CustomerCommunication@71e9ddb4]" started-at="2022-05-19T03:35:05Z" name="checkMobileVerification" finished-at="2022-05-19T03:35:05Z" duration-ms="15" status="PASS">
          <params>
            <param index="0">
              <value>
                <![CDATA[org.testng.TestRunner@73700b80]]>
              </value>
            </param>
          </params>
          <reporter-output>
          </reporter-output>
        </test-method> <!-- checkMobileVerification -->
      </class> <!-- testcases.CustomerCommunication -->
      <class name="testcases.PaymentManager">
        <test-method signature="applyDiscount()[pri:0, instance:testcases.PaymentManager@58a9760d]" started-at="2022-05-19T03:35:05Z" name="applyDiscount" finished-at="2022-05-19T03:35:05Z" duration-ms="3" status="PASS">
          <reporter-output>
          </reporter-output>
        </test-method> <!-- applyDiscount -->
        <test-method signature="makePayment(java.lang.String, org.testng.ITestContext)[pri:0, instance:testcases.PaymentManager@58a9760d]" started-at="2022-05-19T03:35:05Z" name="makePayment" finished-at="2022-05-19T03:35:05Z" duration-ms="4" status="PASS">
          <params>
            <param index="0">
              <value>
                <![CDATA[pay@hotel]]>
              </value>
            </param>
            <param index="1">
              <value>
                <![CDATA[org.testng.TestRunner@73700b80]]>
              </value>
            </param>
          </params>
          <reporter-output>
          </reporter-output>
        </test-method> <!-- makePayment -->
      </class> <!-- testcases.PaymentManager -->
      <class name="testcases.Bookings">
        <test-method signature="searchHotel()[pri:0, instance:testcases.Bookings@7530ad9c]" started-at="2022-05-19T03:35:05Z" name="searchHotel" finished-at="2022-05-19T03:35:05Z" duration-ms="24" status="PASS">
          <reporter-output>
          </reporter-output>
        </test-method> <!-- searchHotel -->
        <test-method signature="typeOfRoom()[pri:0, instance:testcases.Bookings@7530ad9c]" started-at="2022-05-19T03:35:05Z" name="typeOfRoom" finished-at="2022-05-19T03:35:05Z" duration-ms="6" status="PASS">
          <reporter-output>
          </reporter-output>
        </test-method> <!-- typeOfRoom -->
        <test-method signature="guestInfo()[pri:0, instance:testcases.Bookings@7530ad9c]" started-at="2022-05-19T03:35:05Z" name="guestInfo" finished-at="2022-05-19T03:35:05Z" duration-ms="3" status="PASS">
          <reporter-output>
          </reporter-output>
        </test-method> <!-- guestInfo -->
      </class> <!-- testcases.Bookings -->
    </test> <!-- Crete New Booking Test- pay@hotel -->
    <test started-at="2022-05-19T03:35:05Z" name="Crete New Booking Test- Electronic media" finished-at="2022-05-19T03:35:05Z" duration-ms="79">
      <class name="testcases.CustomerCommunication">
        <test-method signature="checkEmailVerification(org.testng.ITestContext)[pri:0, instance:testcases.CustomerCommunication@31f9b85e]" started-at="2022-05-19T03:35:05Z" name="checkEmailVerification" finished-at="2022-05-19T03:35:05Z" duration-ms="1" status="PASS">
          <params>
            <param index="0">
              <value>
                <![CDATA[org.testng.TestRunner@4dbb42b7]]>
              </value>
            </param>
          </params>
          <reporter-output>
          </reporter-output>
        </test-method> <!-- checkEmailVerification -->
        <test-method signature="checkMobileVerification(org.testng.ITestContext)[pri:0, instance:testcases.CustomerCommunication@31f9b85e]" started-at="2022-05-19T03:35:05Z" name="checkMobileVerification" finished-at="2022-05-19T03:35:05Z" duration-ms="4" status="PASS">
          <params>
            <param index="0">
              <value>
                <![CDATA[org.testng.TestRunner@4dbb42b7]]>
              </value>
            </param>
          </params>
          <reporter-output>
          </reporter-output>
        </test-method> <!-- checkMobileVerification -->
      </class> <!-- testcases.CustomerCommunication -->
      <class name="testcases.PaymentManager">
        <test-method signature="applyDiscount()[pri:0, instance:testcases.PaymentManager@762ef0ea]" started-at="2022-05-19T03:35:05Z" name="applyDiscount" finished-at="2022-05-19T03:35:05Z" duration-ms="3" status="PASS">
          <reporter-output>
          </reporter-output>
        </test-method> <!-- applyDiscount -->
        <test-method signature="makePayment(java.lang.String, org.testng.ITestContext)[pri:0, instance:testcases.PaymentManager@762ef0ea]" started-at="2022-05-19T03:35:05Z" name="makePayment" finished-at="2022-05-19T03:35:05Z" duration-ms="6" status="PASS">
          <params>
            <param index="0">
              <value>
                <![CDATA[Electronic media]]>
              </value>
            </param>
            <param index="1">
              <value>
                <![CDATA[org.testng.TestRunner@4dbb42b7]]>
              </value>
            </param>
          </params>
          <reporter-output>
          </reporter-output>
        </test-method> <!-- makePayment -->
      </class> <!-- testcases.PaymentManager -->
      <class name="testcases.Bookings">
        <test-method signature="searchHotel()[pri:0, instance:testcases.Bookings@2d2ffcb7]" started-at="2022-05-19T03:35:05Z" name="searchHotel" finished-at="2022-05-19T03:35:05Z" duration-ms="4" status="PASS">
          <reporter-output>
          </reporter-output>
        </test-method> <!-- searchHotel -->
        <test-method signature="typeOfRoom()[pri:0, instance:testcases.Bookings@2d2ffcb7]" started-at="2022-05-19T03:35:05Z" name="typeOfRoom" finished-at="2022-05-19T03:35:05Z" duration-ms="10" status="PASS">
          <reporter-output>
          </reporter-output>
        </test-method> <!-- typeOfRoom -->
        <test-method signature="guestInfo()[pri:0, instance:testcases.Bookings@2d2ffcb7]" started-at="2022-05-19T03:35:05Z" name="guestInfo" finished-at="2022-05-19T03:35:05Z" duration-ms="2" status="PASS">
          <reporter-output>
          </reporter-output>
        </test-method> <!-- guestInfo -->
      </class> <!-- testcases.Bookings -->
    </test> <!-- Crete New Booking Test- Electronic media -->
  </suite> <!-- BookingSuite -->
</testng-results>
