<?xml version="1.0" encoding="UTF-8"?>
<!-- Generated by org.testng.reporters.JUnitXMLReporter -->
<testsuite ignored="0" hostname="shekar-PC" failures="0" tests="4" name="RegressionTest" time="37.952" errors="0" timestamp="16 May 2022 11:23:05 GMT">
  <testcase classname="testNg.LinksTesting1" name="linktesting1" time="2.341"/>
  <testcase classname="testNg.Tng2" name="amazon" time="4.473"/>
  <testcase classname="testNg.RadioButton1" name="radioButtonTest" time="0.163"/>
  <testcase classname="testNg.CheckBox1" name="checkboxTest" time="0.197"/>
</testsuite> <!-- RegressionTest -->
