<?xml version="1.0" encoding="UTF-8"?>
<!-- Generated by org.testng.reporters.JUnitXMLReporter -->
<testsuite ignored="0" hostname="shekar-PC" failures="0" tests="7" name="Default test" time="0.116" errors="0" timestamp="02 Jul 2022 08:46:02 GMT">
  <testcase classname="testNg.ParallelTest" name="A1" time="0.014"/>
  <testcase classname="testNg.ParallelTest" name="A2" time="0.002"/>
  <testcase classname="testNg.ParallelTest" name="A3" time="0.002"/>
  <testcase classname="testNg.ParallelTest" name="A4" time="0.003"/>
  <testcase classname="testNg.ParallelTest" name="A5" time="0.002"/>
  <testcase classname="testNg.ParallelTest" name="A6" time="0.002"/>
  <testcase classname="testNg.ParallelTest" name="A7" time="0.001"/>
</testsuite> <!-- Default test -->
