<?xml version="1.0" encoding="UTF-8"?>
<!-- Generated by org.testng.reporters.JUnitXMLReporter -->
<testsuite ignored="2" hostname="DESKTOP-JCJ8HOK" failures="0" tests="7" name="Crete New Booking Test- Electronic media" time="0.079" errors="0" timestamp="19 May 2022 03:35:05 GMT">
  <testcase classname="testcases.Bookings" name="searchHotel" time="0.004"/>
  <testcase classname="testcases.Bookings" name="typeOfRoom" time="0.01"/>
  <testcase classname="testcases.Bookings" name="guestInfo" time="0.002"/>
  <testcase classname="testcases.PaymentManager" name="applyDiscount" time="0.003"/>
  <testcase classname="testcases.PaymentManager" name="makePayment" time="0.006"/>
  <testcase classname="testcases.CustomerCommunication" name="checkEmailVerification" time="0.001"/>
  <testcase classname="testcases.CustomerCommunication" name="checkMobileVerification" time="0.004"/>
  <testcase classname="testcases.Bookings" name="loadBooking" time="0.0">
    <ignored/>
  </testcase> <!-- loadBooking -->
  <testcase classname="testcases.Bookings" name="cancelBooking" time="0.0">
    <ignored/>
  </testcase> <!-- cancelBooking -->
</testsuite> <!-- Crete New Booking Test- Electronic media -->
